Determining if the pthread_create exist failed with the following output:
Change Dir: /home/yuriy/Projects/CLionProjects/Test_Task/cmake-build-debug/CMakeFiles/CMakeTmp

Run Build Command:"/usr/bin/make" "cmTC_63473/fast"
/usr/bin/make -f CMakeFiles/cmTC_63473.dir/build.make CMakeFiles/cmTC_63473.dir/build
make[1]: Entering directory '/home/yuriy/Projects/CLionProjects/Test_Task/cmake-build-debug/CMakeFiles/CMakeTmp'
Building C object CMakeFiles/cmTC_63473.dir/CheckSymbolExists.c.o
/usr/bin/cc    -o CMakeFiles/cmTC_63473.dir/CheckSymbolExists.c.o   -c /home/yuriy/Projects/CLionProjects/Test_Task/cmake-build-debug/CMakeFiles/CMakeTmp/CheckSymbolExists.c
Linking C executable cmTC_63473
/home/yuriy/Programs/clion-2018.2.4/bin/cmake/linux/bin/cmake -E cmake_link_script CMakeFiles/cmTC_63473.dir/link.txt --verbose=1
/usr/bin/cc      CMakeFiles/cmTC_63473.dir/CheckSymbolExists.c.o  -o cmTC_63473 
CMakeFiles/cmTC_63473.dir/CheckSymbolExists.c.o: In function `main':
CheckSymbolExists.c:(.text+0x16): undefined reference to `pthread_create'
collect2: error: ld returned 1 exit status
CMakeFiles/cmTC_63473.dir/build.make:86: recipe for target 'cmTC_63473' failed
make[1]: *** [cmTC_63473] Error 1
make[1]: Leaving directory '/home/yuriy/Projects/CLionProjects/Test_Task/cmake-build-debug/CMakeFiles/CMakeTmp'
Makefile:121: recipe for target 'cmTC_63473/fast' failed
make: *** [cmTC_63473/fast] Error 2

File /home/yuriy/Projects/CLionProjects/Test_Task/cmake-build-debug/CMakeFiles/CMakeTmp/CheckSymbolExists.c:
/* */
#include <pthread.h>

int main(int argc, char** argv)
{
  (void)argv;
#ifndef pthread_create
  return ((int*)(&pthread_create))[argc];
#else
  (void)argc;
  return 0;
#endif
}

Determining if the function pthread_create exists in the pthreads failed with the following output:
Change Dir: /home/yuriy/Projects/CLionProjects/Test_Task/cmake-build-debug/CMakeFiles/CMakeTmp

Run Build Command:"/usr/bin/make" "cmTC_5d4f5/fast"
/usr/bin/make -f CMakeFiles/cmTC_5d4f5.dir/build.make CMakeFiles/cmTC_5d4f5.dir/build
make[1]: Entering directory '/home/yuriy/Projects/CLionProjects/Test_Task/cmake-build-debug/CMakeFiles/CMakeTmp'
Building C object CMakeFiles/cmTC_5d4f5.dir/CheckFunctionExists.c.o
/usr/bin/cc   -DCHECK_FUNCTION_EXISTS=pthread_create   -o CMakeFiles/cmTC_5d4f5.dir/CheckFunctionExists.c.o   -c /home/yuriy/Programs/clion-2018.2.4/bin/cmake/linux/share/cmake-3.12/Modules/CheckFunctionExists.c
Linking C executable cmTC_5d4f5
/home/yuriy/Programs/clion-2018.2.4/bin/cmake/linux/bin/cmake -E cmake_link_script CMakeFiles/cmTC_5d4f5.dir/link.txt --verbose=1
/usr/bin/cc  -DCHECK_FUNCTION_EXISTS=pthread_create    CMakeFiles/cmTC_5d4f5.dir/CheckFunctionExists.c.o  -o cmTC_5d4f5 -lpthreads 
/usr/bin/ld: cannot find -lpthreads
collect2: error: ld returned 1 exit status
CMakeFiles/cmTC_5d4f5.dir/build.make:86: recipe for target 'cmTC_5d4f5' failed
make[1]: *** [cmTC_5d4f5] Error 1
make[1]: Leaving directory '/home/yuriy/Projects/CLionProjects/Test_Task/cmake-build-debug/CMakeFiles/CMakeTmp'
Makefile:121: recipe for target 'cmTC_5d4f5/fast' failed
make: *** [cmTC_5d4f5/fast] Error 2


